Entrei!
ELAPSED: 0.00143885612488
ETA BEFORE IF: 3.0
Before dynPump
Before drawPump
Before waitUntil
Entrei!
ELAPSED: 0.0346019268036
ETA BEFORE IF: 3.0
Before dynPump
Before drawPump
Before waitUntil
Entrei!
ELAPSED: 0.0679368972778
ETA BEFORE IF: 3.0
Before dynPump
Before drawPump
Before waitUntil
Entrei!
ELAPSED: 0.101458072662
ETA BEFORE IF: 3.0
Before dynPump
Before drawPump
Before waitUntil
Entrei!
ELAPSED: 0.134974002838
ETA BEFORE IF: 3.0
Before dynPump
Before drawPump
Before waitUntil
Entrei!
ELAPSED: 0.168449878693
ETA BEFORE IF: 3.0
Before dynPump
Before drawPump
Before waitUntil
Entrei!
ELAPSED: 0.201930999756
ETA BEFORE IF: 3.0
Before dynPump
Before drawPump
Before waitUntil
Entrei!
ELAPSED: 0.23540687561
ETA BEFORE IF: 3.0
Before dynPump
Before drawPump
Before waitUntil
Entrei!
ELAPSED: 0.268951892853
ETA BEFORE IF: 3.0
Before dynPump
Before drawPump
Before waitUntil
Entrei!
ELAPSED: 0.302520036697
ETA BEFORE IF: 3.0
Before dynPump
Before drawPump
Before waitUntil
Entrei!
ELAPSED: 0.336014032364
ETA BEFORE IF: 3.0
Before dynPump
Before drawPump
Before waitUntil
Entrei!
ELAPSED: 0.369477987289
ETA BEFORE IF: 3.0
Before dynPump
Before drawPump
Before waitUntil
Entrei!
ELAPSED: 0.403369903564
ETA BEFORE IF: 3.0
Before dynPump
Before drawPump
Before waitUntil
Entrei!
ELAPSED: 0.436389923096
ETA BEFORE IF: 3.0
Before dynPump
Before drawPump
Before waitUntil
Entrei!
ELAPSED: 0.469894886017
ETA BEFORE IF: 3.0
Before dynPump
Before drawPump
Before waitUntil
Entrei!
ELAPSED: 0.503388881683
ETA BEFORE IF: 3.0
Before dynPump
Before drawPump
Before waitUntil
Entrei!
ELAPSED: 0.536864042282
ETA BEFORE IF: 3.0
Before dynPump
Before drawPump
Before waitUntil
Entrei!
ELAPSED: 0.570342063904
ETA BEFORE IF: 3.0
Before dynPump
Before drawPump
Before waitUntil
Entrei!
ELAPSED: 0.603760004044
ETA BEFORE IF: 3.0
Before dynPump
Before drawPump
Before waitUntil
Entrei!
ELAPSED: 0.6372859478
ETA BEFORE IF: 3.0
Before dynPump
Before drawPump
Before waitUntil
Entrei!
ELAPSED: 0.670764923096
ETA BEFORE IF: 3.0
Before dynPump
Before drawPump
Before waitUntil
Entrei!
ELAPSED: 0.704289913177
ETA BEFORE IF: 3.0
Before dynPump
Before drawPump
Before waitUntil
Entrei!
ELAPSED: 0.73775601387
ETA BEFORE IF: 3.0
Before dynPump
Before drawPump
Before waitUntil
Entrei!
ELAPSED: 0.771270990372
ETA BEFORE IF: 3.0
Before dynPump
Before drawPump
Before waitUntil
Entrei!
ELAPSED: 0.804785013199
ETA BEFORE IF: 3.0
Before dynPump
Before drawPump
Before waitUntil
Entrei!
ELAPSED: 0.838175058365
ETA BEFORE IF: 3.0
Before dynPump
Before drawPump
Before waitUntil
Entrei!
ELAPSED: 0.871747016907
ETA BEFORE IF: 3.0
Before dynPump
Before drawPump
Before waitUntil
Entrei!
ELAPSED: 0.905227899551
ETA BEFORE IF: 3.0
Before dynPump
Before drawPump
Before waitUntil
Entrei!
ELAPSED: 0.938694953918
ETA BEFORE IF: 3.0
Before dynPump
Before drawPump
Before waitUntil
Entrei!
ELAPSED: 0.972176074982
ETA BEFORE IF: 3.0
Before dynPump
Before drawPump
Before waitUntil
Entrei!
ELAPSED: 1.00569105148
ETA BEFORE IF: 3.0
Before dynPump
Before drawPump
Before waitUntil
Entrei!
ELAPSED: 1.03910803795
ETA BEFORE IF: 3.0
Before dynPump
Before drawPump
Before waitUntil
Entrei!
ELAPSED: 1.07257986069
ETA BEFORE IF: 3.0
Before dynPump
Before drawPump
Before waitUntil
Entrei!
ELAPSED: 1.10606193542
ETA BEFORE IF: 3.0
Before dynPump
Before drawPump
Before waitUntil
Entrei!
ELAPSED: 1.13952493668
ETA BEFORE IF: 3.0
Before dynPump
Before drawPump
Before waitUntil
Entrei!
ELAPSED: 1.17304301262
ETA BEFORE IF: 3.0
Before dynPump
Before drawPump
Before waitUntil
Entrei!
ELAPSED: 1.20652699471
ETA BEFORE IF: 3.0
Before dynPump
Before drawPump
Before waitUntil
Entrei!
ELAPSED: 1.23999404907
ETA BEFORE IF: 3.0
Before dynPump
Before drawPump
Before waitUntil
Entrei!
ELAPSED: 1.27347397804
ETA BEFORE IF: 3.0
Before dynPump
Before drawPump
Before waitUntil
Entrei!
ELAPSED: 1.30688691139
ETA BEFORE IF: 3.0
Before dynPump
Before drawPump
Before waitUntil
Entrei!
ELAPSED: 1.34038805962
ETA BEFORE IF: 3.0
Before dynPump
Before drawPump
Before waitUntil
Entrei!
ELAPSED: 1.37383103371
ETA BEFORE IF: 3.0
Before dynPump
Before drawPump
Before waitUntil
Entrei!
ELAPSED: 1.40751290321
ETA BEFORE IF: 3.0
Before dynPump
Before drawPump
Before waitUntil
Entrei!
ELAPSED: 1.44077897072
ETA BEFORE IF: 3.0
Before dynPump
Before drawPump
Before waitUntil
Entrei!
ELAPSED: 1.47427105904
ETA BEFORE IF: 3.0
Before dynPump
Before drawPump
Before waitUntil
Entrei!
ELAPSED: 1.50775504112
ETA BEFORE IF: 3.0
Before dynPump
Before drawPump
Before waitUntil
Entrei!
ELAPSED: 1.54119086266
ETA BEFORE IF: 3.0
Before dynPump
Before drawPump
Before waitUntil
Entrei!
ELAPSED: 1.57464599609
ETA BEFORE IF: 3.0
Before dynPump
Before drawPump
Before waitUntil
Entrei!
ELAPSED: 1.60811901093
ETA BEFORE IF: 3.0
Before dynPump
Before drawPump
Before waitUntil
Entrei!
ELAPSED: 1.64156699181
ETA BEFORE IF: 3.0
Before dynPump
Before drawPump
Before waitUntil
Entrei!
ELAPSED: 1.67504096031
ETA BEFORE IF: 3.0
Before dynPump
Before drawPump
Before waitUntil
Entrei!
ELAPSED: 1.70853090286
ETA BEFORE IF: 3.0
Before dynPump
Before drawPump
Before waitUntil
Entrei!
ELAPSED: 1.74220085144
ETA BEFORE IF: 3.0
Before dynPump
Before drawPump
Before waitUntil
Entrei!
ELAPSED: 1.77567696571
ETA BEFORE IF: 3.0
Before dynPump
Before drawPump
Before waitUntil
Entrei!
ELAPSED: 1.80912685394
ETA BEFORE IF: 3.0
Before dynPump
Before drawPump
Before waitUntil
Entrei!
ELAPSED: 1.84312701225
ETA BEFORE IF: 3.0
Before dynPump
Before drawPump
Before waitUntil
Entrei!
ELAPSED: 1.87659287453
ETA BEFORE IF: 3.0
Before dynPump
Before drawPump
Before waitUntil
Entrei!
ELAPSED: 1.9100818634
ETA BEFORE IF: 3.0
Before dynPump
Before drawPump
Before waitUntil
Entrei!
ELAPSED: 1.94404792786
ETA BEFORE IF: 3.0
Before dynPump
Before drawPump
Before waitUntil
Entrei!
ELAPSED: 1.97751903534
ETA BEFORE IF: 3.0
Before dynPump
Before drawPump
Before waitUntil
Entrei!
ELAPSED: 2.01099395752
ETA BEFORE IF: 3.0
Before dynPump
Before drawPump
Before waitUntil
Entrei!
ELAPSED: 2.04465699196
ETA BEFORE IF: 3.0
Before dynPump
Before drawPump
Before waitUntil
Entrei!
ELAPSED: 2.07807707787
ETA BEFORE IF: 3.0
Before dynPump
Before drawPump
Before waitUntil
Entrei!
ELAPSED: 2.11161088943
ETA BEFORE IF: 3.0
Before dynPump
Before drawPump
Before waitUntil
Entrei!
ELAPSED: 2.14509797096
ETA BEFORE IF: 3.0
Before dynPump
Before drawPump
Before waitUntil
Entrei!
ELAPSED: 2.17853999138
ETA BEFORE IF: 3.0
Before dynPump
Before drawPump
Before waitUntil
Entrei!
ELAPSED: 2.21201705933
ETA BEFORE IF: 3.0
Before dynPump
Before drawPump
Before waitUntil
Entrei!
ELAPSED: 2.24549603462
ETA BEFORE IF: 3.0
Before dynPump
Before drawPump
Before waitUntil
Entrei!
ELAPSED: 2.27887797356
ETA BEFORE IF: 3.0
Before dynPump
Before drawPump
Before waitUntil
Entrei!
ELAPSED: 2.31239199638
ETA BEFORE IF: 3.0
Before dynPump
Before drawPump
Before waitUntil
Entrei!
ELAPSED: 2.3458750248
ETA BEFORE IF: 3.0
Before dynPump
Before drawPump
Before waitUntil
Entrei!
ELAPSED: 2.37932085991
ETA BEFORE IF: 3.0
Before dynPump
Before drawPump
Before waitUntil
Entrei!
ELAPSED: 2.41272592545
ETA BEFORE IF: 3.0
Before dynPump
Before drawPump
Before waitUntil
Entrei!
ELAPSED: 2.4462480545
ETA BEFORE IF: 3.0
Before dynPump
Before drawPump
Before waitUntil
Entrei!
ELAPSED: 2.4797039032
ETA BEFORE IF: 3.0
Before dynPump
Before drawPump
Before waitUntil
Entrei!
ELAPSED: 2.51310396194
ETA BEFORE IF: 3.0
Before dynPump
Before drawPump
Before waitUntil
Entrei!
ELAPSED: 2.54663491249
ETA BEFORE IF: 3.0
Before dynPump
Before drawPump
Before waitUntil
Entrei!
ELAPSED: 2.58010697365
ETA BEFORE IF: 3.0
Before dynPump
Before drawPump
Before waitUntil
Entrei!
ELAPSED: 2.61360502243
ETA BEFORE IF: 3.0
Before dynPump
Before drawPump
Before waitUntil
Entrei!
ELAPSED: 2.64706993103
ETA BEFORE IF: 3.0
Before dynPump
Before drawPump
Before waitUntil
Entrei!
ELAPSED: 2.6804869175
ETA BEFORE IF: 3.0
Before dynPump
Before drawPump
Before waitUntil
Entrei!
ELAPSED: 2.71404194832
ETA BEFORE IF: 3.0
Before dynPump
Before drawPump
Before waitUntil
Entrei!
ELAPSED: 2.74743890762
ETA BEFORE IF: 3.0
Before dynPump
Before drawPump
Before waitUntil
Entrei!
ELAPSED: 2.78094887733
ETA BEFORE IF: 3.0
Before dynPump
Before drawPump
Before waitUntil
Entrei!
ELAPSED: 2.8143529892
ETA BEFORE IF: 3.0
Before dynPump
Before drawPump
Before waitUntil
Entrei!
ELAPSED: 2.84781002998
ETA BEFORE IF: 3.0
Before dynPump
Before drawPump
Before waitUntil
Entrei!
ELAPSED: 2.88125395775
ETA BEFORE IF: 3.0
Before dynPump
Before drawPump
Before waitUntil
Entrei!
ELAPSED: 2.91476488113
ETA BEFORE IF: 3.0
Before dynPump
Before drawPump
Before waitUntil
Entrei!
ELAPSED: 2.94824504852
ETA BEFORE IF: 3.0
Before dynPump
Before drawPump
Before waitUntil
Entrei!
ELAPSED: 2.98172807693
ETA BEFORE IF: 3.0
Before dynPump
Before drawPump
Before waitUntil
Entrei!
ELAPSED: 3.01521205902
ETA BEFORE IF: 3.0
name capacitors
yln -2.0
eta 3.0
life 3
elapsed: 3.0152759552
blowup
length: 9
Before dynPump
Before drawPump
Before waitUntil
Entrei!
ELAPSED: 0.0333960056305
ETA BEFORE IF: 1.0
Before dynPump
Before drawPump
Before waitUntil
Entrei!
ELAPSED: 0.0667819976807
ETA BEFORE IF: 1.0
Before dynPump
Before drawPump
Before waitUntil
Entrei!
ELAPSED: 0.100263118744
ETA BEFORE IF: 1.0
Before dynPump
Before drawPump
Before waitUntil
Entrei!
ELAPSED: 0.134012937546
ETA BEFORE IF: 1.0
Before dynPump
Before drawPump
Before waitUntil
Entrei!
ELAPSED: 0.167449951172
ETA BEFORE IF: 1.0
Before dynPump
Before drawPump
Before waitUntil
Entrei!
ELAPSED: 0.200968027115
ETA BEFORE IF: 1.0
Before dynPump
Before drawPump
Before waitUntil
Entrei!
ELAPSED: 0.234439134598
ETA BEFORE IF: 1.0
Before dynPump
Before drawPump
Before waitUntil
Entrei!
ELAPSED: 0.267909049988
ETA BEFORE IF: 1.0
Before dynPump
Before drawPump
Before waitUntil
Entrei!
ELAPSED: 0.301381111145
ETA BEFORE IF: 1.0
Before dynPump
Before drawPump
Before waitUntil
Entrei!
ELAPSED: 0.335120916367
ETA BEFORE IF: 1.0
Before dynPump
Before drawPump
Before waitUntil
Entrei!
ELAPSED: 0.368358135223
ETA BEFORE IF: 1.0
Before dynPump
Before drawPump
Before waitUntil
Entrei!
ELAPSED: 0.401827096939
ETA BEFORE IF: 1.0
Before dynPump
Before drawPump
Before waitUntil
Entrei!
ELAPSED: 0.43533205986
ETA BEFORE IF: 1.0
Before dynPump
Before drawPump
Before waitUntil
Entrei!
ELAPSED: 0.469065904617
ETA BEFORE IF: 1.0
Before dynPump
Before drawPump
Before waitUntil
Entrei!
ELAPSED: 0.502536058426
ETA BEFORE IF: 1.0
Before dynPump
Before drawPump
Before waitUntil
Entrei!
ELAPSED: 0.536005973816
ETA BEFORE IF: 1.0
Before dynPump
Before drawPump
Before waitUntil
Entrei!
ELAPSED: 0.569457054138
ETA BEFORE IF: 1.0
Before dynPump
Before drawPump
Before waitUntil
Entrei!
ELAPSED: 0.602900981903
ETA BEFORE IF: 1.0
Before dynPump
Before drawPump
Before waitUntil
Entrei!
ELAPSED: 0.636382102966
ETA BEFORE IF: 1.0
Before dynPump
Before drawPump
Before waitUntil
Entrei!
ELAPSED: 0.669835090637
ETA BEFORE IF: 1.0
Before dynPump
Before drawPump
Before waitUntil
Entrei!
ELAPSED: 0.704826116562
ETA BEFORE IF: 1.0
Before dynPump
Before drawPump
Before waitUntil
Entrei!
ELAPSED: 0.738301992416
ETA BEFORE IF: 1.0
Before dynPump
Before drawPump
Before waitUntil
Entrei!
ELAPSED: 0.771717071533
ETA BEFORE IF: 1.0
Before dynPump
Before drawPump
Before waitUntil
Entrei!
ELAPSED: 0.805191040039
ETA BEFORE IF: 1.0
Before dynPump
Before drawPump
Before waitUntil
Entrei!
ELAPSED: 0.838665008545
ETA BEFORE IF: 1.0
Before dynPump
Before drawPump
Before waitUntil
Entrei!
ELAPSED: 0.872031927109
ETA BEFORE IF: 1.0
Before dynPump
Before drawPump
Before waitUntil
Entrei!
ELAPSED: 0.905584096909
ETA BEFORE IF: 1.0
Before dynPump
Before drawPump
Before waitUntil
Entrei!
ELAPSED: 0.939088106155
ETA BEFORE IF: 1.0
Before dynPump
Before drawPump
Before waitUntil
Entrei!
ELAPSED: 0.97281908989
ETA BEFORE IF: 1.0
Before dynPump
Before drawPump
Before waitUntil
Entrei!
ELAPSED: 1.00606513023
ETA BEFORE IF: 1.0
name edge
yln -2.0
eta 1.0
life 3
elapsed: 1.00611400604
blowup
length: 8
Before dynPump
Before drawPump
Before waitUntil
Entrei!
ELAPSED: 0.0334830284119
ETA BEFORE IF: 3.0
Before dynPump
Before drawPump
Before waitUntil
Entrei!
ELAPSED: 0.0669410228729
ETA BEFORE IF: 3.0
Before dynPump
Before drawPump
Before waitUntil
Entrei!
ELAPSED: 0.100376844406
ETA BEFORE IF: 3.0
Before dynPump
Before drawPump
Before waitUntil
Entrei!
ELAPSED: 0.133947849274
ETA BEFORE IF: 3.0
Before dynPump
Before drawPump
Before waitUntil
Entrei!
ELAPSED: 0.167368888855
ETA BEFORE IF: 3.0
Before dynPump
Before drawPump
Before waitUntil
Entrei!
ELAPSED: 0.201084852219
ETA BEFORE IF: 3.0
Before dynPump
Before drawPump
Before waitUntil
Entrei!
ELAPSED: 0.234571933746
ETA BEFORE IF: 3.0
Before dynPump
Before drawPump
Before waitUntil
Entrei!
ELAPSED: 0.267992019653
ETA BEFORE IF: 3.0
Before dynPump
Before drawPump
Before waitUntil
Entrei!
ELAPSED: 0.301431894302
ETA BEFORE IF: 3.0
Before dynPump
Before drawPump
Before waitUntil
Entrei!
ELAPSED: 0.334925889969
ETA BEFORE IF: 3.0
Before dynPump
Before drawPump
Before waitUntil
Entrei!
ELAPSED: 0.368414878845
ETA BEFORE IF: 3.0
Before dynPump
Before drawPump
Before waitUntil
Entrei!
ELAPSED: 0.401993989944
ETA BEFORE IF: 3.0
Before dynPump
Before drawPump
Before waitUntil
Entrei!
ELAPSED: 0.435351848602
ETA BEFORE IF: 3.0
Before dynPump
Before drawPump
Before waitUntil
Entrei!
ELAPSED: 0.468863964081
ETA BEFORE IF: 3.0
Before dynPump
Before drawPump
Before waitUntil
Entrei!
ELAPSED: 0.502295970917
ETA BEFORE IF: 3.0
Before dynPump
Before drawPump
Before waitUntil
Entrei!
ELAPSED: 0.535775899887
ETA BEFORE IF: 3.0
Before dynPump
Before drawPump
Before waitUntil
Entrei!
ELAPSED: 0.569221973419
ETA BEFORE IF: 3.0
Before dynPump
Before drawPump
Before waitUntil
Entrei!
ELAPSED: 0.6027739048
ETA BEFORE IF: 3.0
Before dynPump
Before drawPump
Before waitUntil
Entrei!
ELAPSED: 0.636242866516
ETA BEFORE IF: 3.0
Before dynPump
Before drawPump
Before waitUntil
Entrei!
ELAPSED: 0.669621944427
ETA BEFORE IF: 3.0
Before dynPump
Before drawPump
Before waitUntil
Entrei!
ELAPSED: 0.703122854233
ETA BEFORE IF: 3.0
Before dynPump
Before drawPump
Before waitUntil
Entrei!
ELAPSED: 0.736511945724
ETA BEFORE IF: 3.0
Before dynPump
Before drawPump
Before waitUntil
Entrei!
ELAPSED: 0.76997089386
ETA BEFORE IF: 3.0
Before dynPump
Before drawPump
Before waitUntil
Entrei!
ELAPSED: 0.803499937057
ETA BEFORE IF: 3.0
Before dynPump
Before drawPump
Before waitUntil
Entrei!
ELAPSED: 0.837009906769
ETA BEFORE IF: 3.0
Before dynPump
Before drawPump
Before waitUntil
Entrei!
ELAPSED: 0.870486021042
ETA BEFORE IF: 3.0
Before dynPump
Before drawPump
Before waitUntil
Entrei!
ELAPSED: 0.904017925262
ETA BEFORE IF: 3.0
Before dynPump
Before drawPump
Before waitUntil
Entrei!
ELAPSED: 0.937369823456
ETA BEFORE IF: 3.0
Before dynPump
Before drawPump
Before waitUntil
Entrei!
ELAPSED: 0.970813035965
ETA BEFORE IF: 3.0
Before dynPump
Before drawPump
Before waitUntil
Entrei!
ELAPSED: 1.00429701805
ETA BEFORE IF: 3.0
Before dynPump
Before drawPump
Before waitUntil
Entrei!
ELAPSED: 1.03779292107
ETA BEFORE IF: 3.0
Before dynPump
Before drawPump
Before waitUntil
Entrei!
ELAPSED: 1.07120704651
ETA BEFORE IF: 3.0
Before dynPump
Before drawPump
Before waitUntil
Entrei!
ELAPSED: 1.10468196869
ETA BEFORE IF: 3.0
Before dynPump
Before drawPump
Before waitUntil
Entrei!
ELAPSED: 1.13835191727
ETA BEFORE IF: 3.0
Before dynPump
Before drawPump
Before waitUntil
Entrei!
ELAPSED: 1.17158389091
ETA BEFORE IF: 3.0
Before dynPump
Before drawPump
Before waitUntil
Entrei!
ELAPSED: 1.20506501198
ETA BEFORE IF: 3.0
Before dynPump
Before drawPump
Before waitUntil
Entrei!
ELAPSED: 1.23887681961
ETA BEFORE IF: 3.0
Before dynPump
Before drawPump
Before waitUntil
Entrei!
ELAPSED: 1.27219295502
ETA BEFORE IF: 3.0
Before dynPump
Before drawPump
Before waitUntil
Entrei!
ELAPSED: 1.30567002296
ETA BEFORE IF: 3.0
Before dynPump
Before drawPump
Before waitUntil
Entrei!
ELAPSED: 1.33909702301
ETA BEFORE IF: 3.0
Before dynPump
Before drawPump
Before waitUntil
Entrei!
ELAPSED: 1.37257599831
ETA BEFORE IF: 3.0
Before dynPump
Before drawPump
Before waitUntil
Entrei!
ELAPSED: 1.40622901917
ETA BEFORE IF: 3.0
Before dynPump
Before drawPump
Before waitUntil
Entrei!
ELAPSED: 1.43948292732
ETA BEFORE IF: 3.0
Before dynPump
Before drawPump
Before waitUntil
Entrei!
ELAPSED: 1.47294688225
ETA BEFORE IF: 3.0
Before dynPump
Before drawPump
Before waitUntil
Entrei!
ELAPSED: 1.50682497025
ETA BEFORE IF: 3.0
Before dynPump
Before drawPump
Before waitUntil
Entrei!
ELAPSED: 1.54032993317
ETA BEFORE IF: 3.0
Before dynPump
Before drawPump
Before waitUntil
Entrei!
ELAPSED: 1.57380700111
ETA BEFORE IF: 3.0
Before dynPump
Before drawPump
Before waitUntil
Entrei!
ELAPSED: 1.60727882385
ETA BEFORE IF: 3.0
Before dynPump
Before drawPump
Before waitUntil
Entrei!
ELAPSED: 1.64099192619
ETA BEFORE IF: 3.0
Before dynPump
Before drawPump
Before waitUntil
Entrei!
ELAPSED: 1.67428398132
ETA BEFORE IF: 3.0
Before dynPump
Before drawPump
Before waitUntil
Entrei!
ELAPSED: 1.7077589035
ETA BEFORE IF: 3.0
Before dynPump
Before drawPump
Before waitUntil
Entrei!
ELAPSED: 1.74122285843
ETA BEFORE IF: 3.0
Before dynPump
Before drawPump
Before waitUntil
Entrei!
ELAPSED: 1.77478003502
ETA BEFORE IF: 3.0
Before dynPump
Before drawPump
Before waitUntil
Entrei!
ELAPSED: 1.80821895599
ETA BEFORE IF: 3.0
Before dynPump
Before drawPump
Before waitUntil
Entrei!
ELAPSED: 1.84165000916
ETA BEFORE IF: 3.0
Before dynPump
Before drawPump
Before waitUntil
Entrei!
ELAPSED: 1.87510299683
ETA BEFORE IF: 3.0
Before dynPump
Before drawPump
Before waitUntil
Entrei!
ELAPSED: 1.90859103203
ETA BEFORE IF: 3.0
Before dynPump
Before drawPump
Before waitUntil
Entrei!
ELAPSED: 1.94196581841
ETA BEFORE IF: 3.0
Before dynPump
Before drawPump
Before waitUntil
Entrei!
ELAPSED: 1.97545003891
ETA BEFORE IF: 3.0
Before dynPump
Before drawPump
Before waitUntil
Entrei!
ELAPSED: 2.00900602341
ETA BEFORE IF: 3.0
Before dynPump
Before drawPump
Before waitUntil
Entrei!
ELAPSED: 2.04243087769
ETA BEFORE IF: 3.0
Before dynPump
Before drawPump
Before waitUntil
Entrei!
ELAPSED: 2.07589292526
ETA BEFORE IF: 3.0
Before dynPump
Before drawPump
Before waitUntil
Entrei!
ELAPSED: 2.10936188698
ETA BEFORE IF: 3.0
Before dynPump
Before drawPump
Before waitUntil
Entrei!
ELAPSED: 2.14300894737
ETA BEFORE IF: 3.0
Before dynPump
Before drawPump
Before waitUntil
Entrei!
ELAPSED: 2.17630887032
ETA BEFORE IF: 3.0
Before dynPump
Before drawPump
Before waitUntil
Entrei!
ELAPSED: 2.20982098579
ETA BEFORE IF: 3.0
Before dynPump
Before drawPump
Before waitUntil
Entrei!
ELAPSED: 2.24321103096
ETA BEFORE IF: 3.0
Before dynPump
Before drawPump
Before waitUntil
Entrei!
ELAPSED: 2.27673196793
ETA BEFORE IF: 3.0
Before dynPump
Before drawPump
Before waitUntil
Entrei!
ELAPSED: 2.31024503708
ETA BEFORE IF: 3.0
Before dynPump
Before drawPump
Before waitUntil
Entrei!
ELAPSED: 2.34375286102
ETA BEFORE IF: 3.0
Before dynPump
Before drawPump
Before waitUntil
Entrei!
ELAPSED: 2.37721395493
ETA BEFORE IF: 3.0
Before dynPump
Before drawPump
Before waitUntil
Entrei!
ELAPSED: 2.41086387634
ETA BEFORE IF: 3.0
Before dynPump
Before drawPump
Before waitUntil
Entrei!
ELAPSED: 2.44411087036
ETA BEFORE IF: 3.0
Before dynPump
Before drawPump
Before waitUntil
Entrei!
ELAPSED: 2.47756004333
ETA BEFORE IF: 3.0
Before dynPump
Before drawPump
Before waitUntil
Entrei!
ELAPSED: 2.51102495193
ETA BEFORE IF: 3.0
Before dynPump
Before drawPump
Before waitUntil
Entrei!
ELAPSED: 2.54452800751
ETA BEFORE IF: 3.0
Before dynPump
Before drawPump
Before waitUntil
Entrei!
ELAPSED: 2.57871699333
ETA BEFORE IF: 3.0
Before dynPump
Before drawPump
Before waitUntil
Entrei!
ELAPSED: 2.61223483086
ETA BEFORE IF: 3.0
Before dynPump
Before drawPump
Before waitUntil
Entrei!
ELAPSED: 2.64585494995
ETA BEFORE IF: 3.0
Before dynPump
Before drawPump
Before waitUntil
Entrei!
ELAPSED: 2.67912101746
ETA BEFORE IF: 3.0
Before dynPump
Before drawPump
Before waitUntil
Entrei!
ELAPSED: 2.71250581741
ETA BEFORE IF: 3.0
Before dynPump
Before drawPump
Before waitUntil
Entrei!
ELAPSED: 2.74605298042
ETA BEFORE IF: 3.0
Before dynPump
Before drawPump
Before waitUntil
Entrei!
ELAPSED: 2.77952694893
ETA BEFORE IF: 3.0
Before dynPump
Before drawPump
Before waitUntil
Entrei!
ELAPSED: 2.81297302246
ETA BEFORE IF: 3.0
Before dynPump
Before drawPump
Before waitUntil
Entrei!
ELAPSED: 2.84638285637
ETA BEFORE IF: 3.0
Before dynPump
Before drawPump
Before waitUntil
Entrei!
ELAPSED: 2.87985181808
ETA BEFORE IF: 3.0
Before dynPump
Before drawPump
Before waitUntil
Entrei!
ELAPSED: 2.91363382339
ETA BEFORE IF: 3.0
Before dynPump
Before drawPump
Before waitUntil
Entrei!
ELAPSED: 2.94683599472
ETA BEFORE IF: 3.0
Before dynPump
Before drawPump
Before waitUntil
Entrei!
ELAPSED: 2.98030185699
ETA BEFORE IF: 3.0
Before dynPump
Before drawPump
Before waitUntil
Entrei!
ELAPSED: 3.0137758255
ETA BEFORE IF: 3.0
name equator
yln -2.0
eta 3.0
life 3
elapsed: 3.01382303238
blowup
length: 7
Before dynPump
Before drawPump
Before waitUntil
Entrei!
ELAPSED: 0.0334589481354
ETA BEFORE IF: 0.0
name kicks
yln -2.0
eta 0.0
life 3
elapsed: 0.0335040092468
blowup
length: 6
Before dynPump
Before drawPump
Before waitUntil
Entrei!
ELAPSED: 0.0332539081573
ETA BEFORE IF: 1.0
Before dynPump
Before drawPump
Before waitUntil
Entrei!
ELAPSED: 0.0667428970337
ETA BEFORE IF: 1.0
Before dynPump
Before drawPump
Before waitUntil
Entrei!
ELAPSED: 0.100555896759
ETA BEFORE IF: 1.0
Before dynPump
Before drawPump
Before waitUntil
Entrei!
ELAPSED: 0.133771896362
ETA BEFORE IF: 1.0
Before dynPump
Before drawPump
Before waitUntil
Entrei!
ELAPSED: 0.167284965515
ETA BEFORE IF: 1.0
Before dynPump
Before drawPump
Before waitUntil
Entrei!
ELAPSED: 0.200880050659
ETA BEFORE IF: 1.0
Before dynPump
Before drawPump
Before waitUntil
Entrei!
ELAPSED: 0.234315872192
ETA BEFORE IF: 1.0
Before dynPump
Before drawPump
Before waitUntil
Entrei!
ELAPSED: 0.26775097847
ETA BEFORE IF: 1.0
Before dynPump
Before drawPump
Before waitUntil
Entrei!
ELAPSED: 0.301169872284
ETA BEFORE IF: 1.0
Before dynPump
Before drawPump
Before waitUntil
Entrei!
ELAPSED: 0.334632873535
ETA BEFORE IF: 1.0
Before dynPump
Before drawPump
Before waitUntil
Entrei!
ELAPSED: 0.368345022202
ETA BEFORE IF: 1.0
Before dynPump
Before drawPump
Before waitUntil
Entrei!
ELAPSED: 0.401507854462
ETA BEFORE IF: 1.0
Before dynPump
Before drawPump
Before waitUntil
Entrei!
ELAPSED: 0.434937000275
ETA BEFORE IF: 1.0
Before dynPump
Before drawPump
Before waitUntil
Entrei!
ELAPSED: 0.468458890915
ETA BEFORE IF: 1.0
Before dynPump
Before drawPump
Before waitUntil
Entrei!
ELAPSED: 0.501973867416
ETA BEFORE IF: 1.0
Before dynPump
Before drawPump
Before waitUntil
Entrei!
ELAPSED: 0.535444021225
ETA BEFORE IF: 1.0
Before dynPump
Before drawPump
Before waitUntil
Entrei!
ELAPSED: 0.569078922272
ETA BEFORE IF: 1.0
Before dynPump
Before drawPump
Before waitUntil
Entrei!
ELAPSED: 0.602602005005
ETA BEFORE IF: 1.0
Before dynPump
Before drawPump
Before waitUntil
Entrei!
ELAPSED: 0.635946989059
ETA BEFORE IF: 1.0
Before dynPump
Before drawPump
Before waitUntil
Entrei!
ELAPSED: 0.669414997101
ETA BEFORE IF: 1.0
Before dynPump
Before drawPump
Before waitUntil
Entrei!
ELAPSED: 0.702957868576
ETA BEFORE IF: 1.0
Before dynPump
Before drawPump
Before waitUntil
Entrei!
ELAPSED: 0.736347913742
ETA BEFORE IF: 1.0
Before dynPump
Before drawPump
Before waitUntil
Entrei!
ELAPSED: 0.769823074341
ETA BEFORE IF: 1.0
Before dynPump
Before drawPump
Before waitUntil
Entrei!
ELAPSED: 0.803328990936
ETA BEFORE IF: 1.0
Before dynPump
Before drawPump
Before waitUntil
Entrei!
ELAPSED: 0.836801052094
ETA BEFORE IF: 1.0
Before dynPump
Before drawPump
Before waitUntil
Entrei!
ELAPSED: 0.870235919952
ETA BEFORE IF: 1.0
Before dynPump
Before drawPump
Before waitUntil
Entrei!
ELAPSED: 0.903747081757
ETA BEFORE IF: 1.0
Before dynPump
Before drawPump
Before waitUntil
Entrei!
ELAPSED: 0.937237977982
ETA BEFORE IF: 1.0
Before dynPump
Before drawPump
Before waitUntil
Entrei!
ELAPSED: 0.970695018768
ETA BEFORE IF: 1.0
Before dynPump
Before drawPump
Before waitUntil
Entrei!
ELAPSED: 1.0042488575
ETA BEFORE IF: 1.0
name liter
yln -2.0
eta 1.0
life 3
elapsed: 1.00429296494
blowup
length: 5
Before dynPump
Before drawPump
Before waitUntil
Entrei!
ELAPSED: 0.033401966095
ETA BEFORE IF: 1.0
Before dynPump
Before drawPump
Before waitUntil
Entrei!
ELAPSED: 0.0668020248413
ETA BEFORE IF: 1.0
Before dynPump
Before drawPump
Before waitUntil
Entrei!
ELAPSED: 0.100258111954
ETA BEFORE IF: 1.0
Before dynPump
Before drawPump
Before waitUntil
Entrei!
ELAPSED: 0.13373208046
ETA BEFORE IF: 1.0
Before dynPump
Before drawPump
Before waitUntil
Entrei!
ELAPSED: 0.169350147247
ETA BEFORE IF: 1.0
Before dynPump
Before drawPump
Before waitUntil
Entrei!
ELAPSED: 0.202764034271
ETA BEFORE IF: 1.0
Before dynPump
Before drawPump
Before waitUntil
Entrei!
ELAPSED: 0.236297130585
ETA BEFORE IF: 1.0
Before dynPump
Before drawPump
Before waitUntil
Entrei!
ELAPSED: 0.269843101501
ETA BEFORE IF: 1.0
Before dynPump
Before drawPump
Before waitUntil
Entrei!
ELAPSED: 0.30318903923
ETA BEFORE IF: 1.0
Before dynPump
Before drawPump
Before waitUntil
Entrei!
ELAPSED: 0.336640119553
ETA BEFORE IF: 1.0
Before dynPump
Before drawPump
Before waitUntil
Entrei!
ELAPSED: 0.370100975037
ETA BEFORE IF: 1.0
Before dynPump
Before drawPump
Before waitUntil
Entrei!
ELAPSED: 0.403680086136
ETA BEFORE IF: 1.0
Before dynPump
Before drawPump
Before waitUntil
Entrei!
ELAPSED: 0.437011957169
ETA BEFORE IF: 1.0
Before dynPump
Before drawPump
Before waitUntil
Entrei!
ELAPSED: 0.470479011536
ETA BEFORE IF: 1.0
Before dynPump
Before drawPump
Before waitUntil
Entrei!
ELAPSED: 0.503964185715
ETA BEFORE IF: 1.0
Before dynPump
Before drawPump
Before waitUntil
Entrei!
ELAPSED: 0.537737131119
ETA BEFORE IF: 1.0
Before dynPump
Before drawPump
Before waitUntil
Entrei!
ELAPSED: 0.571189165115
ETA BEFORE IF: 1.0
Before dynPump
Before drawPump
Before waitUntil
Entrei!
ELAPSED: 0.60466003418
ETA BEFORE IF: 1.0
Before dynPump
Before drawPump
Before waitUntil
Entrei!
ELAPSED: 0.638111114502
ETA BEFORE IF: 1.0
Before dynPump
Before drawPump
Before waitUntil
Entrei!
ELAPSED: 0.671637058258
ETA BEFORE IF: 1.0
Before dynPump
Before drawPump
Before waitUntil
Entrei!
ELAPSED: 0.704920053482
ETA BEFORE IF: 1.0
Before dynPump
Before drawPump
Before waitUntil
Entrei!
ELAPSED: 0.738419055939
ETA BEFORE IF: 1.0
Before dynPump
Before drawPump
Before waitUntil
Entrei!
ELAPSED: 0.771952152252
ETA BEFORE IF: 1.0
Before dynPump
Before drawPump
Before waitUntil
Entrei!
ELAPSED: 0.805294036865
ETA BEFORE IF: 1.0
Before dynPump
Before drawPump
Before waitUntil
Entrei!
ELAPSED: 0.838782072067
ETA BEFORE IF: 1.0
Before dynPump
Before drawPump
Before waitUntil
Entrei!
ELAPSED: 0.872184991837
ETA BEFORE IF: 1.0
Before dynPump
Before drawPump
Before waitUntil
Entrei!
ELAPSED: 0.905652999878
ETA BEFORE IF: 1.0
Before dynPump
Before drawPump
Before waitUntil
Entrei!
ELAPSED: 0.939116001129
ETA BEFORE IF: 1.0
Before dynPump
Before drawPump
Before waitUntil
Entrei!
ELAPSED: 0.972633123398
ETA BEFORE IF: 1.0
Before dynPump
Before drawPump
Before waitUntil
Entrei!
ELAPSED: 1.0060710907
ETA BEFORE IF: 1.0
name ocean
yln -2.0
eta 1.0
life 3
elapsed: 1.00611901283
blowup
length: 4
Before dynPump
Before drawPump
Before waitUntil
Entrei!
ELAPSED: 0.0334939956665
ETA BEFORE IF: 1.0
Before dynPump
Before drawPump
Before waitUntil
Entrei!
ELAPSED: 0.0669429302216
ETA BEFORE IF: 1.0
Before dynPump
Before drawPump
Before waitUntil
Entrei!
ELAPSED: 0.100363969803
ETA BEFORE IF: 1.0
Before dynPump
Before drawPump
Before waitUntil
Entrei!
ELAPSED: 0.13383603096
ETA BEFORE IF: 1.0
Before dynPump
Before drawPump
Before waitUntil
Entrei!
ELAPSED: 0.167505979538
ETA BEFORE IF: 1.0
Before dynPump
Before drawPump
Before waitUntil
Entrei!
ELAPSED: 0.200805902481
ETA BEFORE IF: 1.0
Before dynPump
Before drawPump
Before waitUntil
Entrei!
ELAPSED: 0.234808921814
ETA BEFORE IF: 1.0
Before dynPump
Before drawPump
Before waitUntil
Entrei!
ELAPSED: 0.268279075623
ETA BEFORE IF: 1.0
Before dynPump
Before drawPump
Before waitUntil
Entrei!
ELAPSED: 0.30172085762
ETA BEFORE IF: 1.0
Before dynPump
Before drawPump
Before waitUntil
Entrei!
ELAPSED: 0.335362911224
ETA BEFORE IF: 1.0
Before dynPump
Before drawPump
Before waitUntil
Entrei!
ELAPSED: 0.368661880493
ETA BEFORE IF: 1.0
Before dynPump
Before drawPump
Before waitUntil
Entrei!
ELAPSED: 0.402183055878
ETA BEFORE IF: 1.0
Before dynPump
Before drawPump
Before waitUntil
Entrei!
ELAPSED: 0.435703992844
ETA BEFORE IF: 1.0
Before dynPump
Before drawPump
Before waitUntil
Entrei!
ELAPSED: 0.469138860703
ETA BEFORE IF: 1.0
Before dynPump
Before drawPump
Before waitUntil
Entrei!
ELAPSED: 0.502619028091
ETA BEFORE IF: 1.0
Before dynPump
Before drawPump
Before waitUntil
Entrei!
ELAPSED: 0.53609585762
ETA BEFORE IF: 1.0
Before dynPump
Before drawPump
Before waitUntil
Entrei!
ELAPSED: 0.569580078125
ETA BEFORE IF: 1.0
Before dynPump
Before drawPump
Before waitUntil
Entrei!
ELAPSED: 0.603015899658
ETA BEFORE IF: 1.0
Before dynPump
Before drawPump
Before waitUntil
Entrei!
ELAPSED: 0.636554956436
ETA BEFORE IF: 1.0
Before dynPump
Before drawPump
Before waitUntil
Entrei!
ELAPSED: 0.669960021973
ETA BEFORE IF: 1.0
Before dynPump
Before drawPump
Before waitUntil
Entrei!
ELAPSED: 0.703409910202
ETA BEFORE IF: 1.0
Before dynPump
Before drawPump
Before waitUntil
Entrei!
ELAPSED: 0.73687505722
ETA BEFORE IF: 1.0
Before dynPump
Before drawPump
Before waitUntil
Entrei!
ELAPSED: 0.770246982574
ETA BEFORE IF: 1.0
Before dynPump
Before drawPump
Before waitUntil
Entrei!
ELAPSED: 0.803703069687
ETA BEFORE IF: 1.0
Before dynPump
Before drawPump
Before waitUntil
Entrei!
ELAPSED: 0.837295055389
ETA BEFORE IF: 1.0
Before dynPump
Before drawPump
Before waitUntil
Entrei!
ELAPSED: 0.870990037918
ETA BEFORE IF: 1.0
Before dynPump
Before drawPump
Before waitUntil
Entrei!
ELAPSED: 0.904253959656
ETA BEFORE IF: 1.0
Before dynPump
Before drawPump
Before waitUntil
Entrei!
ELAPSED: 0.937641859055
ETA BEFORE IF: 1.0
Before dynPump
Before drawPump
Before waitUntil
Entrei!
ELAPSED: 0.971610069275
ETA BEFORE IF: 1.0
Before dynPump
Before drawPump
Before waitUntil
Entrei!
ELAPSED: 1.00460791588
ETA BEFORE IF: 1.0
name origins
yln -2.0
eta 1.0
life 3
elapsed: 1.00465488434
blowup
length: 3
Before dynPump
Before drawPump
Before waitUntil
Entrei!
ELAPSED: 0.0335140228271
ETA BEFORE IF: 3.0
Before dynPump
Before drawPump
Before waitUntil
Entrei!
ELAPSED: 0.0669159889221
ETA BEFORE IF: 3.0
Before dynPump
Before drawPump
Before waitUntil
Entrei!
ELAPSED: 0.100376844406
ETA BEFORE IF: 3.0
Before dynPump
Before drawPump
Before waitUntil
Entrei!
ELAPSED: 0.133824825287
ETA BEFORE IF: 3.0
Before dynPump
Before drawPump
Before waitUntil
Entrei!
ELAPSED: 0.167356014252
ETA BEFORE IF: 3.0
Before dynPump
Before drawPump
Before waitUntil
Entrei!
ELAPSED: 0.200826883316
ETA BEFORE IF: 3.0
Before dynPump
Before drawPump
Before waitUntil
Entrei!
ELAPSED: 0.234303951263
ETA BEFORE IF: 3.0
Before dynPump
Before drawPump
Before waitUntil
Entrei!
ELAPSED: 0.267776966095
ETA BEFORE IF: 3.0
Before dynPump
Before drawPump
Before waitUntil
Entrei!
ELAPSED: 0.301298856735
ETA BEFORE IF: 3.0
Before dynPump
Before drawPump
Before waitUntil
Entrei!
ELAPSED: 0.334954977036
ETA BEFORE IF: 3.0
Before dynPump
Before drawPump
Before waitUntil
Entrei!
ELAPSED: 0.368215799332
ETA BEFORE IF: 3.0
Before dynPump
Before drawPump
Before waitUntil
Entrei!
ELAPSED: 0.40185379982
ETA BEFORE IF: 3.0
Before dynPump
Before drawPump
Before waitUntil
Entrei!
ELAPSED: 0.435122966766
ETA BEFORE IF: 3.0
Before dynPump
Before drawPump
Before waitUntil
Entrei!
ELAPSED: 0.468598842621
ETA BEFORE IF: 3.0
Before dynPump
Before drawPump
Before waitUntil
Entrei!
ELAPSED: 0.502080917358
ETA BEFORE IF: 3.0
Before dynPump
Before drawPump
Before waitUntil
Entrei!
ELAPSED: 0.535583972931
ETA BEFORE IF: 3.0
Before dynPump
Before drawPump
Before waitUntil
Entrei!
ELAPSED: 0.569056987762
ETA BEFORE IF: 3.0
Before dynPump
Before drawPump
Before waitUntil
Entrei!
ELAPSED: 0.602512836456
ETA BEFORE IF: 3.0
Before dynPump
Before drawPump
Before waitUntil
Entrei!
ELAPSED: 0.635896921158
ETA BEFORE IF: 3.0
Before dynPump
Before drawPump
Before waitUntil
Entrei!
ELAPSED: 0.669467926025
ETA BEFORE IF: 3.0
Before dynPump
Before drawPump
Before waitUntil
Entrei!
ELAPSED: 0.702960968018
ETA BEFORE IF: 3.0
Before dynPump
Before drawPump
Before waitUntil
Entrei!
ELAPSED: 0.736645936966
ETA BEFORE IF: 3.0
Before dynPump
Before drawPump
Before waitUntil
Entrei!
ELAPSED: 0.769851922989
ETA BEFORE IF: 3.0
Before dynPump
Before drawPump
Before waitUntil
Entrei!
ELAPSED: 0.803300857544
ETA BEFORE IF: 3.0
Before dynPump
Before drawPump
Before waitUntil
Entrei!
ELAPSED: 0.836804866791
ETA BEFORE IF: 3.0
Before dynPump
Before drawPump
Before waitUntil
Entrei!
ELAPSED: 0.870352983475
ETA BEFORE IF: 3.0
Before dynPump
Before drawPump
Before waitUntil
Entrei!
ELAPSED: 0.903831958771
ETA BEFORE IF: 3.0
Before dynPump
Before drawPump
Before waitUntil
Entrei!
ELAPSED: 0.937466859818
ETA BEFORE IF: 3.0
Before dynPump
Before drawPump
Before waitUntil
Entrei!
ELAPSED: 0.970849990845
ETA BEFORE IF: 3.0
Before dynPump
Before drawPump
Before waitUntil
Entrei!
ELAPSED: 1.00429391861
ETA BEFORE IF: 3.0
Before dynPump
Before drawPump
Before waitUntil
Entrei!
ELAPSED: 1.03775596619
ETA BEFORE IF: 3.0
Before dynPump
Before drawPump
Before waitUntil
Entrei!
ELAPSED: 1.07117700577
ETA BEFORE IF: 3.0
Before dynPump
Before drawPump
Before waitUntil
Entrei!
ELAPSED: 1.1046359539
ETA BEFORE IF: 3.0
Before dynPump
Before drawPump
Before waitUntil
Entrei!
ELAPSED: 1.13830280304
ETA BEFORE IF: 3.0
Before dynPump
Before drawPump
Before waitUntil
Entrei!
ELAPSED: 1.1716029644
ETA BEFORE IF: 3.0
Before dynPump
Before drawPump
Before waitUntil
Entrei!
ELAPSED: 1.2050819397
ETA BEFORE IF: 3.0
Before dynPump
Before drawPump
Before waitUntil
Entrei!
ELAPSED: 1.23862886429
ETA BEFORE IF: 3.0
Before dynPump
Before drawPump
Before waitUntil
Entrei!
ELAPSED: 1.27210402489
ETA BEFORE IF: 3.0
Before dynPump
Before drawPump
Before waitUntil
Entrei!
ELAPSED: 1.30557990074
ETA BEFORE IF: 3.0
Before dynPump
Before drawPump
Before waitUntil
Entrei!
ELAPSED: 1.33934283257
ETA BEFORE IF: 3.0
Before dynPump
Before drawPump
Before waitUntil
Entrei!
ELAPSED: 1.37278795242
ETA BEFORE IF: 3.0
Before dynPump
Before drawPump
Before waitUntil
Entrei!
ELAPSED: 1.40632891655
ETA BEFORE IF: 3.0
Before dynPump
Before drawPump
Before waitUntil
Entrei!
ELAPSED: 1.43980979919
ETA BEFORE IF: 3.0
Before dynPump
Before drawPump
Before waitUntil
Entrei!
ELAPSED: 1.47341585159
ETA BEFORE IF: 3.0
Before dynPump
Before drawPump
Before waitUntil
Entrei!
ELAPSED: 1.50660586357
ETA BEFORE IF: 3.0
Before dynPump
Before drawPump
Before waitUntil
Entrei!
ELAPSED: 1.54004883766
ETA BEFORE IF: 3.0
Before dynPump
Before drawPump
Before waitUntil
Entrei!
ELAPSED: 1.57350492477
ETA BEFORE IF: 3.0
Before dynPump
Before drawPump
Before waitUntil
Entrei!
ELAPSED: 1.60723400116
ETA BEFORE IF: 3.0
Before dynPump
Before drawPump
Before waitUntil
Entrei!
ELAPSED: 1.64069199562
ETA BEFORE IF: 3.0
Before dynPump
Before drawPump
Before waitUntil
Entrei!
ELAPSED: 1.67415380478
ETA BEFORE IF: 3.0
Before dynPump
Before drawPump
Before waitUntil
Entrei!
ELAPSED: 1.70762991905
ETA BEFORE IF: 3.0
Before dynPump
Before drawPump
Before waitUntil
Entrei!
ELAPSED: 1.74110484123
ETA BEFORE IF: 3.0
Before dynPump
Before drawPump
Before waitUntil
Entrei!
ELAPSED: 1.77448892593
ETA BEFORE IF: 3.0
Before dynPump
Before drawPump
Before waitUntil
Entrei!
ELAPSED: 1.80789685249
ETA BEFORE IF: 3.0
Before dynPump
Before drawPump
Before waitUntil
Entrei!
ELAPSED: 1.84141802788
ETA BEFORE IF: 3.0
Before dynPump
Before drawPump
Before waitUntil
Entrei!
ELAPSED: 1.87489891052
ETA BEFORE IF: 3.0
Before dynPump
Before drawPump
Before waitUntil
Entrei!
ELAPSED: 1.90834498405
ETA BEFORE IF: 3.0
Before dynPump
Before drawPump
Before waitUntil
Entrei!
ELAPSED: 1.94180798531
ETA BEFORE IF: 3.0
Before dynPump
Before drawPump
Before waitUntil
Entrei!
ELAPSED: 1.97526788712
ETA BEFORE IF: 3.0
Before dynPump
Before drawPump
Before waitUntil
Entrei!
ELAPSED: 2.00891494751
ETA BEFORE IF: 3.0
Before dynPump
Before drawPump
Before waitUntil
Entrei!
ELAPSED: 2.0422129631
ETA BEFORE IF: 3.0
Before dynPump
Before drawPump
Before waitUntil
Entrei!
ELAPSED: 2.07563495636
ETA BEFORE IF: 3.0
Before dynPump
Before drawPump
Before waitUntil
Entrei!
ELAPSED: 2.10910487175
ETA BEFORE IF: 3.0
Before dynPump
Before drawPump
Before waitUntil
Entrei!
ELAPSED: 2.14286994934
ETA BEFORE IF: 3.0
Before dynPump
Before drawPump
Before waitUntil
Entrei!
ELAPSED: 2.17601585388
ETA BEFORE IF: 3.0
Before dynPump
Before drawPump
Before waitUntil
Entrei!
ELAPSED: 2.20947790146
ETA BEFORE IF: 3.0
Before dynPump
Before drawPump
Before waitUntil
Entrei!
ELAPSED: 2.24293780327
ETA BEFORE IF: 3.0
Before dynPump
Before drawPump
Before waitUntil
Entrei!
ELAPSED: 2.27646398544
ETA BEFORE IF: 3.0
Before dynPump
Before drawPump
Before waitUntil
Entrei!
ELAPSED: 2.30993890762
ETA BEFORE IF: 3.0
Before dynPump
Before drawPump
Before waitUntil
Entrei!
ELAPSED: 2.34351587296
ETA BEFORE IF: 3.0
Before dynPump
Before drawPump
Before waitUntil
Entrei!
ELAPSED: 2.37689089775
ETA BEFORE IF: 3.0
Before dynPump
Before drawPump
Before waitUntil
Entrei!
ELAPSED: 2.41045880318
ETA BEFORE IF: 3.0
Before dynPump
Before drawPump
Before waitUntil
Entrei!
ELAPSED: 2.44378900528
ETA BEFORE IF: 3.0
Before dynPump
Before drawPump
Before waitUntil
Entrei!
ELAPSED: 2.477257967
ETA BEFORE IF: 3.0
Before dynPump
Before drawPump
Before waitUntil
Entrei!
ELAPSED: 2.51072883606
ETA BEFORE IF: 3.0
Before dynPump
Before drawPump
Before waitUntil
Entrei!
ELAPSED: 2.54440999031
ETA BEFORE IF: 3.0
Before dynPump
Before drawPump
Before waitUntil
Entrei!
ELAPSED: 2.57772898674
ETA BEFORE IF: 3.0
Before dynPump
Before drawPump
Before waitUntil
Entrei!
ELAPSED: 2.61110687256
ETA BEFORE IF: 3.0
Before dynPump
Before drawPump
Before waitUntil
Entrei!
ELAPSED: 2.64462280273
ETA BEFORE IF: 3.0
Before dynPump
Before drawPump
Before waitUntil
Entrei!
ELAPSED: 2.67800498009
ETA BEFORE IF: 3.0
Before dynPump
Before drawPump
Before waitUntil
Entrei!
ELAPSED: 2.71139097214
ETA BEFORE IF: 3.0
Before dynPump
Before drawPump
Before waitUntil
Entrei!
ELAPSED: 2.74481201172
ETA BEFORE IF: 3.0
Before dynPump
Before drawPump
Before waitUntil
Entrei!
ELAPSED: 2.77822685242
ETA BEFORE IF: 3.0
Before dynPump
Before drawPump
Before waitUntil
Entrei!
ELAPSED: 2.81178593636
ETA BEFORE IF: 3.0
Before dynPump
Before drawPump
Before waitUntil
Entrei!
ELAPSED: 2.84520792961
ETA BEFORE IF: 3.0
Before dynPump
Before drawPump
Before waitUntil
Entrei!
ELAPSED: 2.87873482704
ETA BEFORE IF: 3.0
Before dynPump
Before drawPump
Before waitUntil
Entrei!
ELAPSED: 2.91217088699
ETA BEFORE IF: 3.0
Before dynPump
Before drawPump
Before waitUntil
Entrei!
ELAPSED: 2.94570803642
ETA BEFORE IF: 3.0
Before dynPump
Before drawPump
Before waitUntil
Entrei!
ELAPSED: 2.97934484482
ETA BEFORE IF: 3.0
Before dynPump
Before drawPump
Before waitUntil
Entrei!
ELAPSED: 3.01255083084
ETA BEFORE IF: 3.0
name part
yln -2.0
eta 3.0
life 3
elapsed: 3.01259899139
blowup
length: 2
Before dynPump
Before drawPump
Before waitUntil
Entrei!
ELAPSED: 0.0334799289703
ETA BEFORE IF: 3.0
Before dynPump
Before drawPump
Before waitUntil
Entrei!
ELAPSED: 0.0668880939484
ETA BEFORE IF: 3.0
Before dynPump
Before drawPump
Before waitUntil
Entrei!
ELAPSED: 0.100353956223
ETA BEFORE IF: 3.0
Before dynPump
Before drawPump
Before waitUntil
Entrei!
ELAPSED: 0.133868932724
ETA BEFORE IF: 3.0
Before dynPump
Before drawPump
Before waitUntil
Entrei!
ELAPSED: 0.167252063751
ETA BEFORE IF: 3.0
Before dynPump
Before drawPump
Before waitUntil
Entrei!
ELAPSED: 0.20068192482
ETA BEFORE IF: 3.0
Before dynPump
Before drawPump
Before waitUntil
Entrei!
ELAPSED: 0.234216928482
ETA BEFORE IF: 3.0
Before dynPump
Before drawPump
Before waitUntil
Entrei!
ELAPSED: 0.267884016037
ETA BEFORE IF: 3.0
Before dynPump
Before drawPump
Before waitUntil
Entrei!
ELAPSED: 0.301327943802
ETA BEFORE IF: 3.0
Before dynPump
Before drawPump
Before waitUntil
Entrei!
ELAPSED: 0.334897041321
ETA BEFORE IF: 3.0
Before dynPump
Before drawPump
Before waitUntil
Entrei!
ELAPSED: 0.368242025375
ETA BEFORE IF: 3.0
Before dynPump
Before drawPump
Before waitUntil
Entrei!
ELAPSED: 0.402207136154
ETA BEFORE IF: 3.0
Before dynPump
Before drawPump
Before waitUntil
Entrei!
ELAPSED: 0.435684919357
ETA BEFORE IF: 3.0
Before dynPump
Before drawPump
Before waitUntil
Entrei!
ELAPSED: 0.469430923462
ETA BEFORE IF: 3.0
Before dynPump
Before drawPump
Before waitUntil
Entrei!
ELAPSED: 0.503472089767
ETA BEFORE IF: 3.0
Before dynPump
Before drawPump
Before waitUntil
Entrei!
ELAPSED: 0.536926984787
ETA BEFORE IF: 3.0
Before dynPump
Before drawPump
Before waitUntil
Entrei!
ELAPSED: 0.570372104645
ETA BEFORE IF: 3.0
Before dynPump
Before drawPump
Before waitUntil
Entrei!
ELAPSED: 0.603816986084
ETA BEFORE IF: 3.0
Before dynPump
Before drawPump
Before waitUntil
Entrei!
ELAPSED: 0.637304067612
ETA BEFORE IF: 3.0
Before dynPump
Before drawPump
Before waitUntil
Entrei!
ELAPSED: 0.671026945114
ETA BEFORE IF: 3.0
Before dynPump
Before drawPump
Before waitUntil
Entrei!
ELAPSED: 0.704416036606
ETA BEFORE IF: 3.0
Before dynPump
Before drawPump
Before waitUntil
Entrei!
ELAPSED: 0.737946033478
ETA BEFORE IF: 3.0
Before dynPump
Before drawPump
Before waitUntil
Entrei!
ELAPSED: 0.771861076355
ETA BEFORE IF: 3.0
Before dynPump
Before drawPump
Before waitUntil
Entrei!
ELAPSED: 0.804805994034
ETA BEFORE IF: 3.0
Before dynPump
Before drawPump
Before waitUntil
Entrei!
ELAPSED: 0.838276147842
ETA BEFORE IF: 3.0
Before dynPump
Before drawPump
Before waitUntil
Entrei!
ELAPSED: 0.871791124344
ETA BEFORE IF: 3.0
Before dynPump
Before drawPump
Before waitUntil
Entrei!
ELAPSED: 0.905538082123
ETA BEFORE IF: 3.0
Before dynPump
Before drawPump
Before waitUntil
Entrei!
ELAPSED: 0.939053058624
ETA BEFORE IF: 3.0
Before dynPump
Before drawPump
Before waitUntil
Entrei!
ELAPSED: 0.972573041916
ETA BEFORE IF: 3.0
Before dynPump
Before drawPump
Before waitUntil
Entrei!
ELAPSED: 1.00594210625
ETA BEFORE IF: 3.0
Before dynPump
Before drawPump
Before waitUntil
Entrei!
ELAPSED: 1.03941607475
ETA BEFORE IF: 3.0
Before dynPump
Before drawPump
Before waitUntil
Entrei!
ELAPSED: 1.07286310196
ETA BEFORE IF: 3.0
Before dynPump
Before drawPump
Before waitUntil
Entrei!
ELAPSED: 1.10630393028
ETA BEFORE IF: 3.0
Before dynPump
Before drawPump
Before waitUntil
Entrei!
ELAPSED: 1.139783144
ETA BEFORE IF: 3.0
Before dynPump
Before drawPump
Before waitUntil
Entrei!
ELAPSED: 1.17323112488
ETA BEFORE IF: 3.0
Before dynPump
Before drawPump
Before waitUntil
Entrei!
ELAPSED: 1.2067360878
ETA BEFORE IF: 3.0
Before dynPump
Before drawPump
Before waitUntil
Entrei!
ELAPSED: 1.24016714096
ETA BEFORE IF: 3.0
Before dynPump
Before drawPump
Before waitUntil
Entrei!
ELAPSED: 1.27360701561
ETA BEFORE IF: 3.0
Before dynPump
Before drawPump
Before waitUntil
Entrei!
ELAPSED: 1.30708098412
ETA BEFORE IF: 3.0
Before dynPump
Before drawPump
Before waitUntil
Entrei!
ELAPSED: 1.34051895142
ETA BEFORE IF: 3.0
Before dynPump
Before drawPump
Before waitUntil
Entrei!
ELAPSED: 1.37403106689
ETA BEFORE IF: 3.0
Before dynPump
Before drawPump
Before waitUntil
Entrei!
ELAPSED: 1.4075191021
ETA BEFORE IF: 3.0
Before dynPump
Before drawPump
Before waitUntil
Entrei!
ELAPSED: 1.44094800949
ETA BEFORE IF: 3.0
Before dynPump
Before drawPump
Before waitUntil
Entrei!
ELAPSED: 1.47446393967
ETA BEFORE IF: 3.0
Before dynPump
Before drawPump
Before waitUntil
Entrei!
ELAPSED: 1.50792098045
ETA BEFORE IF: 3.0
Before dynPump
Before drawPump
Before waitUntil
Entrei!
ELAPSED: 1.54138112068
ETA BEFORE IF: 3.0
Before dynPump
Before drawPump
Before waitUntil
Entrei!
ELAPSED: 1.57494211197
ETA BEFORE IF: 3.0
Before dynPump
Before drawPump
Before waitUntil
Entrei!
ELAPSED: 1.60849404335
ETA BEFORE IF: 3.0
Before dynPump
Before drawPump
Before waitUntil
Entrei!
ELAPSED: 1.64177799225
ETA BEFORE IF: 3.0
Before dynPump
Before drawPump
Before waitUntil
Entrei!
ELAPSED: 1.67519807816
ETA BEFORE IF: 3.0
Before dynPump
Before drawPump
Before waitUntil
Entrei!
ELAPSED: 1.70871400833
ETA BEFORE IF: 3.0
Before dynPump
Before drawPump
Before waitUntil
Entrei!
ELAPSED: 1.74217605591
ETA BEFORE IF: 3.0
Before dynPump
Before drawPump
Before waitUntil
Entrei!
ELAPSED: 1.77570199966
ETA BEFORE IF: 3.0
Before dynPump
Before drawPump
Before waitUntil
Entrei!
ELAPSED: 1.80912303925
ETA BEFORE IF: 3.0
Before dynPump
Before drawPump
Before waitUntil
Entrei!
ELAPSED: 1.84253001213
ETA BEFORE IF: 3.0
Before dynPump
Before drawPump
Before waitUntil
Entrei!
ELAPSED: 1.8760240078
ETA BEFORE IF: 3.0
Before dynPump
Before drawPump
Before waitUntil
Entrei!
ELAPSED: 1.9096570015
ETA BEFORE IF: 3.0
Before dynPump
Before drawPump
Before waitUntil
Entrei!
ELAPSED: 1.94309401512
ETA BEFORE IF: 3.0
Before dynPump
Before drawPump
Before waitUntil
Entrei!
ELAPSED: 1.97657394409
ETA BEFORE IF: 3.0
Before dynPump
Before drawPump
Before waitUntil
Entrei!
ELAPSED: 2.01049995422
ETA BEFORE IF: 3.0
Before dynPump
Before drawPump
Before waitUntil
Entrei!
ELAPSED: 2.04355502129
ETA BEFORE IF: 3.0
Before dynPump
Before drawPump
Before waitUntil
Entrei!
ELAPSED: 2.07706308365
ETA BEFORE IF: 3.0
Before dynPump
Before drawPump
Before waitUntil
Entrei!
ELAPSED: 2.11051106453
ETA BEFORE IF: 3.0
Before dynPump
Before drawPump
Before waitUntil
Entrei!
ELAPSED: 2.14397907257
ETA BEFORE IF: 3.0
Before dynPump
Before drawPump
Before waitUntil
Entrei!
ELAPSED: 2.1774930954
ETA BEFORE IF: 3.0
Before dynPump
Before drawPump
Before waitUntil
Entrei!
ELAPSED: 2.21133208275
ETA BEFORE IF: 3.0
Before dynPump
Before drawPump
Before waitUntil
Entrei!
ELAPSED: 2.24468708038
ETA BEFORE IF: 3.0
Before dynPump
Before drawPump
Before waitUntil
Entrei!
ELAPSED: 2.27822113037
ETA BEFORE IF: 3.0
Before dynPump
Before drawPump
Before waitUntil
Entrei!
ELAPSED: 2.31164598465
ETA BEFORE IF: 3.0
Before dynPump
Before drawPump
Before waitUntil
Entrei!
ELAPSED: 2.34512209892
ETA BEFORE IF: 3.0
Before dynPump
Before drawPump
Before waitUntil
Entrei!
ELAPSED: 2.3785431385
ETA BEFORE IF: 3.0
Before dynPump
Before drawPump
Before waitUntil
Entrei!
ELAPSED: 2.41202306747
ETA BEFORE IF: 3.0
Before dynPump
Before drawPump
Before waitUntil
Entrei!
ELAPSED: 2.44596004486
ETA BEFORE IF: 3.0
Before dynPump
Before drawPump
Before waitUntil
Entrei!
ELAPSED: 2.47945308685
ETA BEFORE IF: 3.0
Before dynPump
Before drawPump
Before waitUntil
Entrei!
ELAPSED: 2.51296710968
ETA BEFORE IF: 3.0
Before dynPump
Before drawPump
Before waitUntil
Entrei!
ELAPSED: 2.54639101028
ETA BEFORE IF: 3.0
Before dynPump
Before drawPump
Before waitUntil
Entrei!
ELAPSED: 2.57986307144
ETA BEFORE IF: 3.0
Before dynPump
Before drawPump
Before waitUntil
Entrei!
ELAPSED: 2.61343002319
ETA BEFORE IF: 3.0
Before dynPump
Before drawPump
Before waitUntil
Entrei!
ELAPSED: 2.6468269825
ETA BEFORE IF: 3.0
Before dynPump
Before drawPump
Before waitUntil
Entrei!
ELAPSED: 2.68021202087
ETA BEFORE IF: 3.0
Before dynPump
Before drawPump
Before waitUntil
Entrei!
ELAPSED: 2.71364593506
ETA BEFORE IF: 3.0
Before dynPump
Before drawPump
Before waitUntil
Entrei!
ELAPSED: 2.74718308449
ETA BEFORE IF: 3.0
Before dynPump
Before drawPump
Before waitUntil
Entrei!
ELAPSED: 2.78052401543
ETA BEFORE IF: 3.0
Before dynPump
Before drawPump
Before waitUntil
Entrei!
ELAPSED: 2.81405210495
ETA BEFORE IF: 3.0
Before dynPump
Before drawPump
Before waitUntil
Entrei!
ELAPSED: 2.84772896767
ETA BEFORE IF: 3.0
Before dynPump
Before drawPump
Before waitUntil
Entrei!
ELAPSED: 2.88095402718
ETA BEFORE IF: 3.0
Before dynPump
Before drawPump
Before waitUntil
Entrei!
ELAPSED: 2.91440296173
ETA BEFORE IF: 3.0
Before dynPump
Before drawPump
Before waitUntil
Entrei!
ELAPSED: 2.94789004326
ETA BEFORE IF: 3.0
Before dynPump
Before drawPump
Before waitUntil
Entrei!
ELAPSED: 2.98177695274
ETA BEFORE IF: 3.0
Before dynPump
Before drawPump
Before waitUntil
Entrei!
ELAPSED: 3.01510715485
ETA BEFORE IF: 3.0
name processor
yln -2.0
eta 3.0
life 3
elapsed: 3.01515603065
blowup
length: 1
Before dynPump
Before drawPump
Before waitUntil
Entrei!
ELAPSED: 0.0335450172424
ETA BEFORE IF: 0.0
name walks
yln -2.0
eta 0.0
life 3
elapsed: 0.0335900783539
blowup
length: 0
Before dynPump
Before drawPump
Before waitUntil
Before dynPump
Before drawPump
Before waitUntil
Before dynPump
Before drawPump
Before waitUntil
Before dynPump
Before drawPump
Before waitUntil
Before dynPump
Before drawPump
Before waitUntil
Before dynPump
Before drawPump
Before waitUntil
Before dynPump
Before drawPump
Before waitUntil
Before dynPump
Before drawPump
Before waitUntil
Before dynPump
Before drawPump
Before waitUntil
Before dynPump
Before drawPump
Before waitUntil
Before dynPump
Before drawPump
Before waitUntil
Before dynPump
Before drawPump
Before waitUntil
Before dynPump
Before drawPump
Before waitUntil
Before dynPump
Before drawPump
Before waitUntil
Before dynPump
Before drawPump
Before waitUntil
Before dynPump
Before drawPump
Before waitUntil
Before dynPump
Before drawPump
Before waitUntil
Before dynPump
Before drawPump
Before waitUntil
Before dynPump
Before drawPump
Before waitUntil
Before dynPump
Before drawPump
Before waitUntil
Before dynPump
Before drawPump
Before waitUntil
Before dynPump
Before drawPump
Before waitUntil
Before dynPump
Before drawPump
Before waitUntil
Before dynPump
Before drawPump
Before waitUntil
Before dynPump
Before drawPump
Before waitUntil
Before dynPump
Before drawPump
Before waitUntil
Before dynPump
Before drawPump
Before waitUntil
Before dynPump
Before drawPump
Before waitUntil
Before dynPump
Before drawPump
Before waitUntil
Before dynPump
Before drawPump
Before waitUntil
Before dynPump
Before drawPump
Before waitUntil
Before dynPump
Before drawPump
Before waitUntil
Before dynPump
Before drawPump
Before waitUntil
Before dynPump
Before drawPump
Before waitUntil
Before dynPump
Before drawPump
Before waitUntil
Before dynPump
Before drawPump
Before waitUntil
Before dynPump
Before drawPump
Before waitUntil
Before dynPump
Before drawPump
Before waitUntil
Before dynPump
Before drawPump
Before waitUntil
Before dynPump
Before drawPump
Before waitUntil
Before dynPump
Before drawPump
Before waitUntil
Before dynPump
Before drawPump
Before waitUntil
Before dynPump
Before drawPump
Before waitUntil
Before dynPump
Before drawPump
Before waitUntil
Before dynPump
Before drawPump
Before waitUntil
Before dynPump
Before drawPump
Before waitUntil
Before dynPump
Before drawPump
Before waitUntil
Before dynPump
Before drawPump
Before waitUntil
Before dynPump
Before drawPump
Before waitUntil
Before dynPump
Before drawPump
Before waitUntil
Before dynPump
Before drawPump
Before waitUntil
Before dynPump
Before drawPump
Before waitUntil
Before dynPump
Before drawPump
Before waitUntil
Before dynPump
Before drawPump
Before waitUntil
Before dynPump
Before drawPump
Before waitUntil
Before dynPump
Before drawPump
Before waitUntil
Before dynPump
Before drawPump
Before waitUntil
Before dynPump
Before drawPump
Before waitUntil
Before dynPump
Before drawPump
Before waitUntil
Before dynPump
Before drawPump
Before waitUntil
Before dynPump
Before drawPump
Before waitUntil
Before dynPump
Before drawPump
Before waitUntil
Before dynPump
Before drawPump
Before waitUntil
Before dynPump
Before drawPump
Before waitUntil
Before dynPump
Before drawPump
Before waitUntil
Before dynPump
Before drawPump
Before waitUntil
Before dynPump
Before drawPump
Before waitUntil
Before dynPump
Before drawPump
Before waitUntil
Before dynPump
Before drawPump
Before waitUntil
Before dynPump
Before drawPump
Before waitUntil
Before dynPump
Before drawPump
Before waitUntil
Before dynPump
Before drawPump
Before waitUntil
Before dynPump
Before drawPump
Before waitUntil
Before dynPump
Before drawPump
Before waitUntil
Before dynPump
Before drawPump
Before waitUntil
Before dynPump
Before drawPump
Before waitUntil
Before dynPump
Before drawPump
Before waitUntil
Before dynPump
Before drawPump
Before waitUntil
Before dynPump
Before drawPump
Before waitUntil
Before dynPump
Before drawPump
Before waitUntil
Before dynPump
Before drawPump
Before waitUntil
Before dynPump
Before drawPump
Before waitUntil
Before dynPump
Before drawPump
Before waitUntil
Before dynPump
Before drawPump
Before waitUntil
Before dynPump
Before drawPump
Before waitUntil
Before dynPump
Before drawPump
Before waitUntil
Before dynPump
Before drawPump
Before waitUntil
Before dynPump
Before drawPump
Before waitUntil
Before dynPump
Before drawPump
Before waitUntil
Before dynPump
Before drawPump
Before waitUntil
Before dynPump
Before drawPump
Before waitUntil
Before dynPump
Before drawPump
Before waitUntil
Before dynPump
Before drawPump
Before waitUntil
Before dynPump
Before drawPump
Before waitUntil
Before dynPump
Before drawPump
Before waitUntil
Before dynPump
Before drawPump
Before waitUntil
Before dynPump
Before drawPump
Before waitUntil
Before dynPump
Before drawPump
Before waitUntil
Before dynPump
Before drawPump
Before waitUntil
Before dynPump
Before drawPump
Before waitUntil
Before dynPump
Before drawPump
Before waitUntil
Before dynPump
Before drawPump
Before waitUntil
Before dynPump
Before drawPump
Before waitUntil
Before dynPump
Before drawPump
Before waitUntil
Before dynPump
Before drawPump
Before waitUntil
Before dynPump
Before drawPump
Before waitUntil
Before dynPump
Before drawPump
Before waitUntil
Before dynPump
Before drawPump
Before waitUntil
Before dynPump
Before drawPump
Before waitUntil
Before dynPump
Before drawPump
Before waitUntil
Before dynPump
Before drawPump
Before waitUntil
Before dynPump
Before drawPump
Before waitUntil
Before dynPump
Before drawPump
Before waitUntil
Before dynPump
Before drawPump
Before waitUntil
Before dynPump
Before drawPump
Before waitUntil
Before dynPump
Before drawPump
Before waitUntil
Before dynPump
Before drawPump
Before waitUntil
Before dynPump
Before drawPump
Before waitUntil
Before dynPump
Before drawPump
Before waitUntil
Before dynPump
Before drawPump
Before waitUntil
Before dynPump
Before drawPump
Before waitUntil
Before dynPump
Before drawPump
Before waitUntil
Before dynPump
Before drawPump
Before waitUntil
Before dynPump
Before drawPump
Before waitUntil
Before dynPump
Before drawPump
Before waitUntil
Before dynPump
Before drawPump
Before waitUntil
Before dynPump
Before drawPump
Before waitUntil
Before dynPump
Before drawPump
Before waitUntil
Before dynPump
Before drawPump
Before waitUntil
Before dynPump
Before drawPump
Before waitUntil
Before dynPump
Before drawPump
Before waitUntil
Before dynPump
Before drawPump
Before waitUntil
Before dynPump
Before drawPump
Before waitUntil
Before dynPump
Before drawPump
Before waitUntil
Before dynPump
Before drawPump
Before waitUntil
Before dynPump
Before drawPump
Before waitUntil
